<?xml version="1.0" encoding="UTF-8"?>
<!-- Generated by org.testng.reporters.JUnitReportReporter -->
<testsuite skipped="0" hostname="Abhisheks-MacBook-Pro.local" name="com.qa.testPackage.testclass" tests="1" failures="0" timestamp="18 Jan 2020 13:35:41 GMT" time="6.231" errors="0">
  <testcase name="testNg" time="6.231" classname="com.qa.testPackage.testclass"/>
</testsuite> <!-- com.qa.testPackage.testclass -->
